2024-12-15 21:52:25,909:DEBUG:certbot._internal.main:certbot version: 2.9.0
2024-12-15 21:52:25,909:DEBUG:certbot._internal.main:Location of certbot entry point: /home/runner/JobSeekrBot/.pythonlibs/bin/certbot
2024-12-15 21:52:25,909:DEBUG:certbot._internal.main:Arguments: ['--webroot', '--webroot-path', '/home/runner/JobSeekrBot/static', '--preferred-challenges', 'http-01', '--email', 'admin@hostme.co.il', '--agree-tos', '--no-eff-email', '-d', 'aim.jobai.tech', '--config-dir', '/home/runner/JobSeekrBot/ssl/letsencrypt', '--work-dir', '/home/runner/JobSeekrBot/ssl/letsencrypt/work', '--logs-dir', '/home/runner/JobSeekrBot/ssl/letsencrypt/logs', '--non-interactive']
2024-12-15 21:52:25,910:DEBUG:certbot._internal.main:Discovered plugins: PluginsRegistry(PluginEntryPoint#manual,PluginEntryPoint#null,PluginEntryPoint#standalone,PluginEntryPoint#webroot)
2024-12-15 21:52:25,929:DEBUG:certbot._internal.log:Root logging level set at 30
2024-12-15 21:52:25,931:DEBUG:certbot._internal.plugins.selection:Requested authenticator webroot and installer None
2024-12-15 21:52:25,931:DEBUG:certbot._internal.plugins.selection:Single candidate plugin: * webroot
Description: Saves the necessary validation files to a .well-known/acme-challenge/ directory within the nominated webroot path. A seperate HTTP server must be running and serving files from the webroot path. HTTP challenge only (wildcards not supported).
Interfaces: Authenticator, Plugin
Entry point: EntryPoint(name='webroot', value='certbot._internal.plugins.webroot:Authenticator', group='certbot.plugins')
Initialized: <certbot._internal.plugins.webroot.Authenticator object at 0x7f838ddb4050>
Prep: True
2024-12-15 21:52:25,931:DEBUG:certbot._internal.plugins.selection:Selected authenticator <certbot._internal.plugins.webroot.Authenticator object at 0x7f838ddb4050> and installer None
2024-12-15 21:52:25,931:INFO:certbot._internal.plugins.selection:Plugins selected: Authenticator webroot, Installer None
2024-12-15 21:52:25,990:DEBUG:certbot._internal.main:Picked account: <Account(RegistrationResource(body=Registration(key=None, contact=(), agreement=None, status=None, terms_of_service_agreed=None, only_return_existing=None, external_account_binding=None), uri='https://acme-v02.api.letsencrypt.org/acme/acct/2115047605', new_authzr_uri=None, terms_of_service=None), de8f11d49b456ead263fc25afeacddd7, Meta(creation_dt=datetime.datetime(2024, 12, 15, 19, 53, 51, tzinfo=<UTC>), creation_host='d706af8e75de', register_to_eff=None))>
2024-12-15 21:52:25,991:DEBUG:acme.client:Sending GET request to https://acme-v02.api.letsencrypt.org/directory.
2024-12-15 21:52:25,995:DEBUG:urllib3.connectionpool:Starting new HTTPS connection (1): acme-v02.api.letsencrypt.org:443
2024-12-15 21:52:26,208:DEBUG:urllib3.connectionpool:https://acme-v02.api.letsencrypt.org:443 "GET /directory HTTP/1.1" 200 746
2024-12-15 21:52:26,208:DEBUG:acme.client:Received response:
HTTP 200
Server: nginx
Date: Sun, 15 Dec 2024 21:52:26 GMT
Content-Type: application/json
Content-Length: 746
Connection: keep-alive
Cache-Control: public, max-age=0, no-cache
X-Frame-Options: DENY
Strict-Transport-Security: max-age=604800

{
  "gLKuW1hgzRQ": "https://community.letsencrypt.org/t/adding-random-entries-to-the-directory/33417",
  "keyChange": "https://acme-v02.api.letsencrypt.org/acme/key-change",
  "meta": {
    "caaIdentities": [
      "letsencrypt.org"
    ],
    "termsOfService": "https://letsencrypt.org/documents/LE-SA-v1.4-April-3-2024.pdf",
    "website": "https://letsencrypt.org"
  },
  "newAccount": "https://acme-v02.api.letsencrypt.org/acme/new-acct",
  "newNonce": "https://acme-v02.api.letsencrypt.org/acme/new-nonce",
  "newOrder": "https://acme-v02.api.letsencrypt.org/acme/new-order",
  "renewalInfo": "https://acme-v02.api.letsencrypt.org/draft-ietf-acme-ari-03/renewalInfo",
  "revokeCert": "https://acme-v02.api.letsencrypt.org/acme/revoke-cert"
}
2024-12-15 21:52:26,209:DEBUG:certbot._internal.display.obj:Notifying user: Requesting a certificate for aim.jobai.tech
2024-12-15 21:52:26,216:DEBUG:acme.client:Requesting fresh nonce
2024-12-15 21:52:26,216:DEBUG:acme.client:Sending HEAD request to https://acme-v02.api.letsencrypt.org/acme/new-nonce.
2024-12-15 21:52:26,271:DEBUG:urllib3.connectionpool:https://acme-v02.api.letsencrypt.org:443 "HEAD /acme/new-nonce HTTP/1.1" 200 0
2024-12-15 21:52:26,274:DEBUG:acme.client:Received response:
HTTP 200
Server: nginx
Date: Sun, 15 Dec 2024 21:52:26 GMT
Connection: keep-alive
Cache-Control: public, max-age=0, no-cache
Link: <https://acme-v02.api.letsencrypt.org/directory>;rel="index"
Replay-Nonce: GJdccAF6NU4Xf8dzv6Y7z-DkfF6ibOhrxvtNLztlgXH5MEHcyB0
X-Frame-Options: DENY
Strict-Transport-Security: max-age=604800


2024-12-15 21:52:26,276:DEBUG:acme.client:Storing nonce: GJdccAF6NU4Xf8dzv6Y7z-DkfF6ibOhrxvtNLztlgXH5MEHcyB0
2024-12-15 21:52:26,278:DEBUG:acme.client:JWS payload:
b'{\n  "identifiers": [\n    {\n      "type": "dns",\n      "value": "aim.jobai.tech"\n    }\n  ]\n}'
2024-12-15 21:52:26,282:DEBUG:acme.client:Sending POST request to https://acme-v02.api.letsencrypt.org/acme/new-order:
{
  "protected": "eyJhbGciOiAiUlMyNTYiLCAia2lkIjogImh0dHBzOi8vYWNtZS12MDIuYXBpLmxldHNlbmNyeXB0Lm9yZy9hY21lL2FjY3QvMjExNTA0NzYwNSIsICJub25jZSI6ICJHSmRjY0FGNk5VNFhmOGR6djZZN3otRGtmRjZpYk9ocnh2dE5MenRsZ1hINU1FSGN5QjAiLCAidXJsIjogImh0dHBzOi8vYWNtZS12MDIuYXBpLmxldHNlbmNyeXB0Lm9yZy9hY21lL25ldy1vcmRlciJ9",
  "signature": "qaAt0FSUyj1Zq2y2xtcGlghpxuvZ5QxR7dlHzNfnANGJvVR-W4Km-_IY5hFXu7ru8bxSZONIPhE20Y7aLsorAD9Hdr6PMH-EMAZdDYqP25InqUqO24LDZBChaf5PzAeJRFRI8s61KoqTo9Lu200_GoCp4zTZoKU8iIHwmMbodXKotIn6Dq3dJ7aBIy9vjT4P33jWtn1b37DDOlHlEzIO_zwGyWHfa7EJAdabSFhyWMkvgeTueFzMMmT9fmqgtEppC1pHWAy90DvTCMBWI53uSfm3jyVtXP-P-WVo-YsbfchILq_Q5U0e5PmGkD9vRKKEkKv9JjX3PW1CNXN8TwVegw",
  "payload": "ewogICJpZGVudGlmaWVycyI6IFsKICAgIHsKICAgICAgInR5cGUiOiAiZG5zIiwKICAgICAgInZhbHVlIjogImFpbS5qb2JhaS50ZWNoIgogICAgfQogIF0KfQ"
}
2024-12-15 21:52:26,477:DEBUG:urllib3.connectionpool:https://acme-v02.api.letsencrypt.org:443 "POST /acme/new-order HTTP/1.1" 201 348
2024-12-15 21:52:26,478:DEBUG:acme.client:Received response:
HTTP 201
Server: nginx
Date: Sun, 15 Dec 2024 21:52:26 GMT
Content-Type: application/json
Content-Length: 348
Connection: keep-alive
Boulder-Requester: 2115047605
Cache-Control: public, max-age=0, no-cache
Link: <https://acme-v02.api.letsencrypt.org/directory>;rel="index"
Location: https://acme-v02.api.letsencrypt.org/acme/order/2115047605/333690622945
Replay-Nonce: WVWTDxmJ2JDi-ODki6THqZuxM0iLeYkCcbLCyepUJLerFmpxGk4
X-Frame-Options: DENY
Strict-Transport-Security: max-age=604800

{
  "status": "pending",
  "expires": "2024-12-22T21:52:26Z",
  "identifiers": [
    {
      "type": "dns",
      "value": "aim.jobai.tech"
    }
  ],
  "authorizations": [
    "https://acme-v02.api.letsencrypt.org/acme/authz/2115047605/445431337815"
  ],
  "finalize": "https://acme-v02.api.letsencrypt.org/acme/finalize/2115047605/333690622945"
}
2024-12-15 21:52:26,478:DEBUG:acme.client:Storing nonce: WVWTDxmJ2JDi-ODki6THqZuxM0iLeYkCcbLCyepUJLerFmpxGk4
2024-12-15 21:52:26,478:DEBUG:acme.client:JWS payload:
b''
2024-12-15 21:52:26,482:DEBUG:acme.client:Sending POST request to https://acme-v02.api.letsencrypt.org/acme/authz/2115047605/445431337815:
{
  "protected": "eyJhbGciOiAiUlMyNTYiLCAia2lkIjogImh0dHBzOi8vYWNtZS12MDIuYXBpLmxldHNlbmNyeXB0Lm9yZy9hY21lL2FjY3QvMjExNTA0NzYwNSIsICJub25jZSI6ICJXVldURHhtSjJKRGktT0RraTZUSHFadXhNMGlMZVlrQ2NiTEN5ZXBVSkxlckZtcHhHazQiLCAidXJsIjogImh0dHBzOi8vYWNtZS12MDIuYXBpLmxldHNlbmNyeXB0Lm9yZy9hY21lL2F1dGh6LzIxMTUwNDc2MDUvNDQ1NDMxMzM3ODE1In0",
  "signature": "HWd3YS3mz7OKgQvD1TQcwIKE04edsJgyzolCj9oe-Cv7YFU8hlBrAKJvZEdw65QXjbQTztBWzGcnQIOcyBtzhf7AdGA_-HJkdsx5zTv1HbZ0B-T7irsYmVeGTcghTt5N9w4iAsG5drnkpS_B22XqYTMBX6YYw89q-zOQwOWmoVdSb4oCQScWYFr6IbPelMtQ0CbfCmzc4ltVtvESYNFPFF7mn7aHfI--q-dowY0HIhn6Ux4FMwYajk2FCdVCz8wi2fhKqLTUsRY9IpIvugzLLLiziEBlk0ytnvaEF56ncgBHS_rDEw9JIfEiioF91Zq3LILN8UMK3qjEI0dUsVkw4Q",
  "payload": ""
}
2024-12-15 21:52:26,549:DEBUG:urllib3.connectionpool:https://acme-v02.api.letsencrypt.org:443 "POST /acme/authz/2115047605/445431337815 HTTP/1.1" 200 822
2024-12-15 21:52:26,549:DEBUG:acme.client:Received response:
HTTP 200
Server: nginx
Date: Sun, 15 Dec 2024 21:52:26 GMT
Content-Type: application/json
Content-Length: 822
Connection: keep-alive
Boulder-Requester: 2115047605
Cache-Control: public, max-age=0, no-cache
Link: <https://acme-v02.api.letsencrypt.org/directory>;rel="index"
Replay-Nonce: GJdccAF67iBQyeAo3cO2itSAS7JJ8-fFWuHV52fBgrqvpU_fZfw
X-Frame-Options: DENY
Strict-Transport-Security: max-age=604800

{
  "identifier": {
    "type": "dns",
    "value": "aim.jobai.tech"
  },
  "status": "pending",
  "expires": "2024-12-22T21:52:26Z",
  "challenges": [
    {
      "type": "dns-01",
      "url": "https://acme-v02.api.letsencrypt.org/acme/chall/2115047605/445431337815/5naLRQ",
      "status": "pending",
      "token": "s5jRjZNDjsbs0B1ZYoQp1OFyr41dFA5Z0VEIQ6Xqv2k"
    },
    {
      "type": "http-01",
      "url": "https://acme-v02.api.letsencrypt.org/acme/chall/2115047605/445431337815/eM3hcQ",
      "status": "pending",
      "token": "s5jRjZNDjsbs0B1ZYoQp1OFyr41dFA5Z0VEIQ6Xqv2k"
    },
    {
      "type": "tls-alpn-01",
      "url": "https://acme-v02.api.letsencrypt.org/acme/chall/2115047605/445431337815/nOGZFg",
      "status": "pending",
      "token": "s5jRjZNDjsbs0B1ZYoQp1OFyr41dFA5Z0VEIQ6Xqv2k"
    }
  ]
}
2024-12-15 21:52:26,549:DEBUG:acme.client:Storing nonce: GJdccAF67iBQyeAo3cO2itSAS7JJ8-fFWuHV52fBgrqvpU_fZfw
2024-12-15 21:52:26,550:INFO:certbot._internal.auth_handler:Performing the following challenges:
2024-12-15 21:52:26,550:INFO:certbot._internal.auth_handler:http-01 challenge for aim.jobai.tech
2024-12-15 21:52:26,550:INFO:certbot._internal.plugins.webroot:Using the webroot path /home/runner/JobSeekrBot/static for all unmatched domains.
2024-12-15 21:52:26,551:DEBUG:certbot._internal.plugins.webroot:Creating root challenges validation dir at /home/runner/JobSeekrBot/static/.well-known/acme-challenge
2024-12-15 21:52:26,553:DEBUG:certbot._internal.plugins.webroot:Attempting to save validation to /home/runner/JobSeekrBot/static/.well-known/acme-challenge/s5jRjZNDjsbs0B1ZYoQp1OFyr41dFA5Z0VEIQ6Xqv2k
2024-12-15 21:52:26,558:DEBUG:acme.client:JWS payload:
b'{}'
2024-12-15 21:52:26,559:DEBUG:acme.client:Sending POST request to https://acme-v02.api.letsencrypt.org/acme/chall/2115047605/445431337815/eM3hcQ:
{
  "protected": "eyJhbGciOiAiUlMyNTYiLCAia2lkIjogImh0dHBzOi8vYWNtZS12MDIuYXBpLmxldHNlbmNyeXB0Lm9yZy9hY21lL2FjY3QvMjExNTA0NzYwNSIsICJub25jZSI6ICJHSmRjY0FGNjdpQlF5ZUFvM2NPMml0U0FTN0pKOC1mRld1SFY1MmZCZ3JxdnBVX2ZaZnciLCAidXJsIjogImh0dHBzOi8vYWNtZS12MDIuYXBpLmxldHNlbmNyeXB0Lm9yZy9hY21lL2NoYWxsLzIxMTUwNDc2MDUvNDQ1NDMxMzM3ODE1L2VNM2hjUSJ9",
  "signature": "VfZKS6gB35F9te7wXjaJ_X_ezkoDYKfgfFCIKYEIROuuEcYvEZZY6y1Xv-7p2ylIBa88DFlTd_NWaqoa1AXOhqWDCbUxNkZKiCQUppo_fr_ZzVvG1RnGaPXch9zNgU7VNJn9Ulhv20ItCr7FMt4nqkjK1AxDJSFMj_9nHaL9m3S_BFHFAYy4Bfd9c6D7ZBzyBrYF5ERmQ7cHMx6tBepBh0SqrRUVRh0sFtgsV3xD2u92IG423pjR0Jcp1AX84tQVeYzgqNQpmRudxqbQMoWrYrPvhk4tiVgoxY_9bI1In5filUqCd09OwiO-ES_SmvoHTsK1sihp766LqFj9I0otjA",
  "payload": "e30"
}
2024-12-15 21:52:26,637:DEBUG:urllib3.connectionpool:https://acme-v02.api.letsencrypt.org:443 "POST /acme/chall/2115047605/445431337815/eM3hcQ HTTP/1.1" 200 195
2024-12-15 21:52:26,637:DEBUG:acme.client:Received response:
HTTP 200
Server: nginx
Date: Sun, 15 Dec 2024 21:52:26 GMT
Content-Type: application/json
Content-Length: 195
Connection: keep-alive
Boulder-Requester: 2115047605
Cache-Control: public, max-age=0, no-cache
Link: <https://acme-v02.api.letsencrypt.org/directory>;rel="index", <https://acme-v02.api.letsencrypt.org/acme/authz/2115047605/445431337815>;rel="up"
Location: https://acme-v02.api.letsencrypt.org/acme/chall/2115047605/445431337815/eM3hcQ
Replay-Nonce: WVWTDxmJIPo9enjSF-lkV1vPFtml5qaYH6IwWzU4dC8J4oNeC_s
X-Frame-Options: DENY
Strict-Transport-Security: max-age=604800

{
  "type": "http-01",
  "url": "https://acme-v02.api.letsencrypt.org/acme/chall/2115047605/445431337815/eM3hcQ",
  "status": "pending",
  "token": "s5jRjZNDjsbs0B1ZYoQp1OFyr41dFA5Z0VEIQ6Xqv2k"
}
2024-12-15 21:52:26,637:DEBUG:acme.client:Storing nonce: WVWTDxmJIPo9enjSF-lkV1vPFtml5qaYH6IwWzU4dC8J4oNeC_s
2024-12-15 21:52:26,637:INFO:certbot._internal.auth_handler:Waiting for verification...
2024-12-15 21:52:27,638:DEBUG:acme.client:JWS payload:
b''
2024-12-15 21:52:27,641:DEBUG:acme.client:Sending POST request to https://acme-v02.api.letsencrypt.org/acme/authz/2115047605/445431337815:
{
  "protected": "eyJhbGciOiAiUlMyNTYiLCAia2lkIjogImh0dHBzOi8vYWNtZS12MDIuYXBpLmxldHNlbmNyeXB0Lm9yZy9hY21lL2FjY3QvMjExNTA0NzYwNSIsICJub25jZSI6ICJXVldURHhtSklQbzllbmpTRi1sa1YxdlBGdG1sNXFhWUg2SXdXelU0ZEM4SjRvTmVDX3MiLCAidXJsIjogImh0dHBzOi8vYWNtZS12MDIuYXBpLmxldHNlbmNyeXB0Lm9yZy9hY21lL2F1dGh6LzIxMTUwNDc2MDUvNDQ1NDMxMzM3ODE1In0",
  "signature": "TIqsZ7vg1_vvNbxBefP6EM3H3nan-0NFQk6CAFOUNweE4ed3AJtczPb8DN0hGIG3765ioOeQ3_bzJlSE4jP18tekuy3N5t3w8Xb3mY7LO3DxMjariHZVCNzAz1vSRl244bkeF8aI2tQlX0T1CTDk19wtfa1Dur_88pP-j4WhWFEPwZHHsARpdKW57oV_1dDhUAPWiddlJbaGUh2M3m82t9OdiZMqwfo1nnUpZ-eo9UqhwTmF70vv7GyMAXu8Vy9YmAVOoURsr810P9xjOeNh_P5WnCIOHkO-lh63jucyuieIYaNdayZulZnvx1DmS7ScgIXO02LuBUX_es2T3ALErw",
  "payload": ""
}
2024-12-15 21:52:27,710:DEBUG:urllib3.connectionpool:https://acme-v02.api.letsencrypt.org:443 "POST /acme/authz/2115047605/445431337815 HTTP/1.1" 200 1338
2024-12-15 21:52:27,710:DEBUG:acme.client:Received response:
HTTP 200
Server: nginx
Date: Sun, 15 Dec 2024 21:52:27 GMT
Content-Type: application/json
Content-Length: 1338
Connection: keep-alive
Boulder-Requester: 2115047605
Cache-Control: public, max-age=0, no-cache
Link: <https://acme-v02.api.letsencrypt.org/directory>;rel="index"
Replay-Nonce: WVWTDxmJimkCwnsMM-Nrs5FIAn0CjNzroi8Ls9BgOaeHJwHCl8I
X-Frame-Options: DENY
Strict-Transport-Security: max-age=604800

{
  "identifier": {
    "type": "dns",
    "value": "aim.jobai.tech"
  },
  "status": "invalid",
  "expires": "2024-12-22T21:52:26Z",
  "challenges": [
    {
      "type": "http-01",
      "url": "https://acme-v02.api.letsencrypt.org/acme/chall/2115047605/445431337815/eM3hcQ",
      "status": "invalid",
      "validated": "2024-12-15T21:52:26Z",
      "error": {
        "type": "urn:ietf:params:acme:error:unauthorized",
        "detail": "34.82.58.13: Invalid response from https://aim.jobai.tech/.well-known/acme-challenge/s5jRjZNDjsbs0B1ZYoQp1OFyr41dFA5Z0VEIQ6Xqv2k: 404",
        "status": 403
      },
      "token": "s5jRjZNDjsbs0B1ZYoQp1OFyr41dFA5Z0VEIQ6Xqv2k",
      "validationRecord": [
        {
          "url": "http://aim.jobai.tech/.well-known/acme-challenge/s5jRjZNDjsbs0B1ZYoQp1OFyr41dFA5Z0VEIQ6Xqv2k",
          "hostname": "aim.jobai.tech",
          "port": "80",
          "addressesResolved": [
            "34.82.58.13"
          ],
          "addressUsed": "34.82.58.13"
        },
        {
          "url": "https://aim.jobai.tech/.well-known/acme-challenge/s5jRjZNDjsbs0B1ZYoQp1OFyr41dFA5Z0VEIQ6Xqv2k",
          "hostname": "aim.jobai.tech",
          "port": "443",
          "addressesResolved": [
            "34.82.58.13"
          ],
          "addressUsed": "34.82.58.13"
        }
      ]
    }
  ]
}
2024-12-15 21:52:27,710:DEBUG:acme.client:Storing nonce: WVWTDxmJimkCwnsMM-Nrs5FIAn0CjNzroi8Ls9BgOaeHJwHCl8I
2024-12-15 21:52:27,711:INFO:certbot._internal.auth_handler:Challenge failed for domain aim.jobai.tech
2024-12-15 21:52:27,711:INFO:certbot._internal.auth_handler:http-01 challenge for aim.jobai.tech
2024-12-15 21:52:27,711:DEBUG:certbot._internal.display.obj:Notifying user: 
Certbot failed to authenticate some domains (authenticator: webroot). The Certificate Authority reported these problems:
  Domain: aim.jobai.tech
  Type:   unauthorized
  Detail: 34.82.58.13: Invalid response from https://aim.jobai.tech/.well-known/acme-challenge/s5jRjZNDjsbs0B1ZYoQp1OFyr41dFA5Z0VEIQ6Xqv2k: 404

Hint: The Certificate Authority failed to download the temporary challenge files created by Certbot. Ensure that the listed domains serve their content from the provided --webroot-path/-w and that files created there can be downloaded from the internet.

2024-12-15 21:52:27,711:DEBUG:certbot._internal.error_handler:Encountered exception:
Traceback (most recent call last):
  File "/nix/store/8pa1a0bd8r0yxlb6f5if6lrl031rgbf2-python3.11-certbot-2.9.0/lib/python3.11/site-packages/certbot/_internal/auth_handler.py", line 108, in handle_authorizations
    self._poll_authorizations(authzrs, max_retries, max_time_mins, best_effort)
  File "/nix/store/8pa1a0bd8r0yxlb6f5if6lrl031rgbf2-python3.11-certbot-2.9.0/lib/python3.11/site-packages/certbot/_internal/auth_handler.py", line 212, in _poll_authorizations
    raise errors.AuthorizationError('Some challenges have failed.')
certbot.errors.AuthorizationError: Some challenges have failed.

2024-12-15 21:52:27,712:DEBUG:certbot._internal.error_handler:Calling registered functions
2024-12-15 21:52:27,712:INFO:certbot._internal.auth_handler:Cleaning up challenges
2024-12-15 21:52:27,712:DEBUG:certbot._internal.plugins.webroot:Removing /home/runner/JobSeekrBot/static/.well-known/acme-challenge/s5jRjZNDjsbs0B1ZYoQp1OFyr41dFA5Z0VEIQ6Xqv2k
2024-12-15 21:52:27,712:DEBUG:certbot._internal.plugins.webroot:All challenges cleaned up
2024-12-15 21:52:27,712:DEBUG:certbot._internal.log:Exiting abnormally:
Traceback (most recent call last):
  File "/home/runner/JobSeekrBot/.pythonlibs/bin/certbot", line 8, in <module>
    sys.exit(main())
             ^^^^^^
  File "/nix/store/8pa1a0bd8r0yxlb6f5if6lrl031rgbf2-python3.11-certbot-2.9.0/lib/python3.11/site-packages/certbot/main.py", line 19, in main
    return internal_main.main(cli_args)
           ^^^^^^^^^^^^^^^^^^^^^^^^^^^^
  File "/nix/store/8pa1a0bd8r0yxlb6f5if6lrl031rgbf2-python3.11-certbot-2.9.0/lib/python3.11/site-packages/certbot/_internal/main.py", line 1894, in main
    return config.func(config, plugins)
           ^^^^^^^^^^^^^^^^^^^^^^^^^^^^
  File "/nix/store/8pa1a0bd8r0yxlb6f5if6lrl031rgbf2-python3.11-certbot-2.9.0/lib/python3.11/site-packages/certbot/_internal/main.py", line 1600, in certonly
    lineage = _get_and_save_cert(le_client, config, domains, certname, lineage)
              ^^^^^^^^^^^^^^^^^^^^^^^^^^^^^^^^^^^^^^^^^^^^^^^^^^^^^^^^^^^^^^^^^
  File "/nix/store/8pa1a0bd8r0yxlb6f5if6lrl031rgbf2-python3.11-certbot-2.9.0/lib/python3.11/site-packages/certbot/_internal/main.py", line 143, in _get_and_save_cert
    lineage = le_client.obtain_and_enroll_certificate(domains, certname)
              ^^^^^^^^^^^^^^^^^^^^^^^^^^^^^^^^^^^^^^^^^^^^^^^^^^^^^^^^^^
  File "/nix/store/8pa1a0bd8r0yxlb6f5if6lrl031rgbf2-python3.11-certbot-2.9.0/lib/python3.11/site-packages/certbot/_internal/client.py", line 517, in obtain_and_enroll_certificate
    cert, chain, key, _ = self.obtain_certificate(domains)
                          ^^^^^^^^^^^^^^^^^^^^^^^^^^^^^^^^
  File "/nix/store/8pa1a0bd8r0yxlb6f5if6lrl031rgbf2-python3.11-certbot-2.9.0/lib/python3.11/site-packages/certbot/_internal/client.py", line 428, in obtain_certificate
    orderr = self._get_order_and_authorizations(csr.data, self.config.allow_subset_of_names)
             ^^^^^^^^^^^^^^^^^^^^^^^^^^^^^^^^^^^^^^^^^^^^^^^^^^^^^^^^^^^^^^^^^^^^^^^^^^^^^^^
  File "/nix/store/8pa1a0bd8r0yxlb6f5if6lrl031rgbf2-python3.11-certbot-2.9.0/lib/python3.11/site-packages/certbot/_internal/client.py", line 496, in _get_order_and_authorizations
    authzr = self.auth_handler.handle_authorizations(orderr, self.config, best_effort)
             ^^^^^^^^^^^^^^^^^^^^^^^^^^^^^^^^^^^^^^^^^^^^^^^^^^^^^^^^^^^^^^^^^^^^^^^^^
  File "/nix/store/8pa1a0bd8r0yxlb6f5if6lrl031rgbf2-python3.11-certbot-2.9.0/lib/python3.11/site-packages/certbot/_internal/auth_handler.py", line 108, in handle_authorizations
    self._poll_authorizations(authzrs, max_retries, max_time_mins, best_effort)
  File "/nix/store/8pa1a0bd8r0yxlb6f5if6lrl031rgbf2-python3.11-certbot-2.9.0/lib/python3.11/site-packages/certbot/_internal/auth_handler.py", line 212, in _poll_authorizations
    raise errors.AuthorizationError('Some challenges have failed.')
certbot.errors.AuthorizationError: Some challenges have failed.
2024-12-15 21:52:27,714:ERROR:certbot._internal.log:Some challenges have failed.
